<?xml version="1.0" encoding="UTF-8"?>
<!-- Generated by org.testng.reporters.JUnitReportReporter -->
<testsuite skipped="0" hostname="DESKTOP-DPDJ8RJ" name="com.justrechargeit.utility.TestExcelProgram" tests="1" failures="0" timestamp="19 Aug 2017 05:17:55 GMT" time="1.121" errors="0">
  <testcase name="testmethod" time="1.121" classname="com.justrechargeit.utility.TestExcelProgram"/>
</testsuite> <!-- com.justrechargeit.utility.TestExcelProgram -->
